[0.025s] Invoking command in '/home/zq/colcon_ws/build/arm_vrpn_pubsub': CMAKE_PREFIX_PATH=${CMAKE_PREFIX_PATH}:/opt/ros/foxy /usr/bin/cmake --build /home/zq/colcon_ws/build/arm_vrpn_pubsub -- -j4 -l4
[0.085s] [35m[1mScanning dependencies of target arm_mocap_pubsub[0m
[0.130s] [ 50%] [32mBuilding CXX object CMakeFiles/arm_mocap_pubsub.dir/src/arm_mocap_pubsub.cpp.o[0m
[1.846s] [01m[K/home/zq/colcon_ws/src/arm_vrpn-main/src/arm_mocap_pubsub.cpp:[m[K In member function â€˜[01m[Kvoid Mocapzmq_pub::topic_callback1(geometry_msgs::msg::PoseStamped_<std::allocator<void> >::SharedPtr)[m[Kâ€™:
[1.846s] [01m[K/home/zq/colcon_ws/src/arm_vrpn-main/src/arm_mocap_pubsub.cpp:83:19:[m[K [01;31m[Kerror: [m[Kâ€˜[01m[Kstr_msg[m[Kâ€™ was not declared in this scope; did you mean â€˜[01m[Kstrmsg[m[Kâ€™?
[1.847s]    83 |       std::cout<< [01;31m[Kstr_msg[m[K <<"\n";
[1.847s]       |                   [01;31m[K^~~~~~~[m[K
[1.847s]       |                   [32m[Kstrmsg[m[K
[1.847s] [01m[K/home/zq/colcon_ws/src/arm_vrpn-main/src/arm_mocap_pubsub.cpp:68:13:[m[K [01;35m[Kwarning: [m[Kunused variable â€˜[01m[Kdata[m[Kâ€™ [[01;35m[K-Wunused-variable[m[K]
[1.847s]    68 |       float [01;35m[Kdata[m[K[21] = {x1_mocap,y1_mocap,z1_mocap,
[1.847s]       |             [01;35m[K^~~~[m[K
[3.666s] make[2]: *** [CMakeFiles/arm_mocap_pubsub.dir/build.make:63: CMakeFiles/arm_mocap_pubsub.dir/src/arm_mocap_pubsub.cpp.o] Error 1
[3.666s] make[1]: *** [CMakeFiles/Makefile2:78: CMakeFiles/arm_mocap_pubsub.dir/all] Error 2
[3.666s] make: *** [Makefile:141: all] Error 2
[3.669s] Invoked command in '/home/zq/colcon_ws/build/arm_vrpn_pubsub' returned '2': CMAKE_PREFIX_PATH=${CMAKE_PREFIX_PATH}:/opt/ros/foxy /usr/bin/cmake --build /home/zq/colcon_ws/build/arm_vrpn_pubsub -- -j4 -l4
