[35m[1mScanning dependencies of target arm_mocap_pubsub[0m
[ 50%] [32mBuilding CXX object CMakeFiles/arm_mocap_pubsub.dir/src/arm_mocap_pubsub.cpp.o[0m
[01m[K/home/zq/colcon_ws/src/arm_vrpn-main/src/arm_mocap_pubsub.cpp:[m[K In member function â€˜[01m[Kvoid Mocapzmq_pub::topic_callback1(geometry_msgs::msg::PoseStamped_<std::allocator<void> >::SharedPtr)[m[Kâ€™:
[01m[K/home/zq/colcon_ws/src/arm_vrpn-main/src/arm_mocap_pubsub.cpp:77:45:[m[K [01;31m[Kerror: [m[Kno matching function for call to â€˜[01m[Kstr_buffer(std::string&)[m[Kâ€™
   77 |       publisher.send(zmq::str_buffer(str_msg[01;31m[K)[m[K);
      |                                             [01;31m[K^[m[K
In file included from [01m[K/home/zq/colcon_ws/src/arm_vrpn-main/src/arm_mocap_pubsub.cpp:10[m[K:
[01m[K/usr/local/include/zmq.hpp:1350:24:[m[K [01;36m[Knote: [m[Kcandidate: â€˜[01m[Ktemplate<class Char, long unsigned int N> constexpr zmq::const_buffer zmq::str_buffer(const Char (&)[N])[m[Kâ€™
 1350 | constexpr const_buffer [01;36m[Kstr_buffer[m[K(const Char (&data)[N]) noexcept
      |                        [01;36m[K^~~~~~~~~~[m[K
[01m[K/usr/local/include/zmq.hpp:1350:24:[m[K [01;36m[Knote: [m[K  template argument deduction/substitution failed:
[01m[K/home/zq/colcon_ws/src/arm_vrpn-main/src/arm_mocap_pubsub.cpp:77:45:[m[K [01;36m[Knote: [m[K  mismatched types â€˜[01m[Kconst Char [N][m[Kâ€™ and â€˜[01m[Kstd::string[m[Kâ€™ {aka â€˜[01m[Kstd::__cxx11::basic_string<char>[m[Kâ€™}
   77 |       publisher.send(zmq::str_buffer(str_msg[01;36m[K)[m[K);
      |                                             [01;36m[K^[m[K
make[2]: *** [CMakeFiles/arm_mocap_pubsub.dir/build.make:63: CMakeFiles/arm_mocap_pubsub.dir/src/arm_mocap_pubsub.cpp.o] Error 1
make[1]: *** [CMakeFiles/Makefile2:78: CMakeFiles/arm_mocap_pubsub.dir/all] Error 2
make: *** [Makefile:141: all] Error 2
