[0.021s] Invoking command in '/home/zq/colcon_ws/build/arm_vrpn_pubsub': CMAKE_PREFIX_PATH=${CMAKE_PREFIX_PATH}:/opt/ros/foxy /usr/bin/cmake --build /home/zq/colcon_ws/build/arm_vrpn_pubsub -- -j4 -l4
[0.103s] [ 50%] [32mBuilding CXX object CMakeFiles/arm_mocap_pubsub.dir/src/arm_mocap_pubsub.cpp.o[0m
[1.785s] [01m[K/home/zq/colcon_ws/src/arm_vrpn-main/src/arm_mocap_pubsub.cpp:101:23:[m[K [01;31m[Kerror: [m[Kâ€˜[01m[Kctx[m[Kâ€™ is not a type
[1.786s]   101 |     zmq::socket_t pub([01;31m[Kctx[m[K, ZMQ_PUB);
[1.786s]       |                       [01;31m[K^~~[m[K
[1.786s] In file included from [01m[K/usr/local/include/zmq.hpp:36[m[K,
[1.786s]                  from [01m[K/home/zq/colcon_ws/src/arm_vrpn-main/src/arm_mocap_pubsub.cpp:10[m[K:
[1.786s] [01m[K/home/zq/colcon_ws/src/arm_vrpn-main/src/arm_mocap_pubsub.cpp:101:28:[m[K [01;31m[Kerror: [m[Kexpected identifier before numeric constant
[1.787s]   101 |     zmq::socket_t pub(ctx, [01;31m[KZMQ_PUB[m[K);
[1.787s]       |                            [01;31m[K^~~~~~~[m[K
[1.787s] [01m[K/home/zq/colcon_ws/src/arm_vrpn-main/src/arm_mocap_pubsub.cpp:101:28:[m[K [01;31m[Kerror: [m[Kexpected â€˜[01m[K,[m[Kâ€™ or â€˜[01m[K...[m[Kâ€™ before numeric constant
[1.799s] [01m[K/home/zq/colcon_ws/src/arm_vrpn-main/src/arm_mocap_pubsub.cpp:[m[K In constructor â€˜[01m[KMocapzmq_pub::Mocapzmq_pub()[m[Kâ€™:
[1.799s] [01m[K/home/zq/colcon_ws/src/arm_vrpn-main/src/arm_mocap_pubsub.cpp:42:7:[m[K [01;31m[Kerror: [m[Kinvalid use of member function â€˜[01m[Kzmq::socket_t Mocapzmq_pub::pub(int, int)[m[Kâ€™ (did you forget the â€˜[01m[K()[m[Kâ€™ ?)
[1.799s]    42 |       [01;31m[Kpub[m[K.bind("tcp://127.0.0.1:3885");
[1.800s]       |       [01;31m[K^~~[m[K
[1.806s] [01m[K/home/zq/colcon_ws/src/arm_vrpn-main/src/arm_mocap_pubsub.cpp:[m[K In member function â€˜[01m[Kvoid Mocapzmq_pub::topic_callback1(geometry_msgs::msg::PoseStamped_<std::allocator<void> >::SharedPtr)[m[Kâ€™:
[1.806s] [01m[K/home/zq/colcon_ws/src/arm_vrpn-main/src/arm_mocap_pubsub.cpp:59:7:[m[K [01;31m[Kerror: [m[Kâ€˜[01m[Kzmq_pub[m[Kâ€™ was not declared in this scope
[1.806s]    59 |       [01;31m[Kzmq_pub[m[K.send(zmq::str_buffer("Hello"));
[1.806s]       |       [01;31m[K^~~~~~~[m[K
[3.615s] make[2]: *** [CMakeFiles/arm_mocap_pubsub.dir/build.make:63: CMakeFiles/arm_mocap_pubsub.dir/src/arm_mocap_pubsub.cpp.o] Error 1
[3.615s] make[1]: *** [CMakeFiles/Makefile2:78: CMakeFiles/arm_mocap_pubsub.dir/all] Error 2
[3.615s] make: *** [Makefile:141: all] Error 2
[3.619s] Invoked command in '/home/zq/colcon_ws/build/arm_vrpn_pubsub' returned '2': CMAKE_PREFIX_PATH=${CMAKE_PREFIX_PATH}:/opt/ros/foxy /usr/bin/cmake --build /home/zq/colcon_ws/build/arm_vrpn_pubsub -- -j4 -l4
