-- The C compiler identification is GNU 9.4.0
-- The CXX compiler identification is GNU 9.4.0
-- Check for working C compiler: /usr/bin/cc
-- Check for working C compiler: /usr/bin/cc -- works
-- Detecting C compiler ABI info
-- Detecting C compiler ABI info - done
-- Detecting C compile features
-- Detecting C compile features - done
-- Check for working CXX compiler: /usr/bin/c++
-- Check for working CXX compiler: /usr/bin/c++ -- works
-- Detecting CXX compiler ABI info
-- Detecting CXX compiler ABI info - done
-- Detecting CXX compile features
-- Detecting CXX compile features - done
-- Found ament_cmake: 0.9.11 (/opt/ros/foxy/share/ament_cmake/cmake)
-- Found PythonInterp: /usr/bin/python3 (found suitable version "3.8.10", minimum required is "3") 
-- Using PYTHON_EXECUTABLE: /usr/bin/python3
-- Found std_msgs: 2.0.5 (/opt/ros/foxy/share/std_msgs/cmake)
-- Using all available rosidl_typesupport_c: rosidl_typesupport_fastrtps_c;rosidl_typesupport_introspection_c
-- Found rosidl_adapter: 1.3.0 (/opt/ros/foxy/share/rosidl_adapter/cmake)
-- Found OpenSSL: /usr/lib/x86_64-linux-gnu/libcrypto.so (found version "1.1.1f")  
-- Found FastRTPS: /opt/ros/foxy/include  
-- Using all available rosidl_typesupport_cpp: rosidl_typesupport_fastrtps_cpp;rosidl_typesupport_introspection_cpp
-- Found geometry_msgs: 2.0.5 (/opt/ros/foxy/share/geometry_msgs/cmake)
-- Found tf2: 0.13.13 (/opt/ros/foxy/share/tf2/cmake)
-- Found tf2_ros: 0.13.13 (/opt/ros/foxy/share/tf2_ros/cmake)
-- Found rmw_implementation_cmake: 1.0.3 (/opt/ros/foxy/share/rmw_implementation_cmake/cmake)
-- Using RMW implementation 'rmw_fastrtps_cpp' as default
-- Looking for pthread.h
-- Looking for pthread.h - found
-- Performing Test CMAKE_HAVE_LIBC_PTHREAD
-- Performing Test CMAKE_HAVE_LIBC_PTHREAD - Failed
-- Looking for pthread_create in pthreads
-- Looking for pthread_create in pthreads - not found
-- Looking for pthread_create in pthread
-- Looking for pthread_create in pthread - found
-- Found Threads: TRUE  
-- Configuring done
-- Generating done
-- Build files have been written to: /home/zq/colcon_ws/build/arm_vrpn_pubsub
[35m[1mScanning dependencies of target arm_mocap_pubsub[0m
[ 50%] [32mBuilding CXX object CMakeFiles/arm_mocap_pubsub.dir/src/arm_mocap_pubsub.cpp.o[0m
[01m[K/home/zq/colcon_ws/src/arm_vrpn-main/src/arm_mocap_pubsub.cpp:99:27:[m[K [01;31m[Kerror: [m[Kâ€˜[01m[Kctx[m[Kâ€™ is not a type
   99 |     zmq::socket_t zmq_pub([01;31m[Kctx[m[K, zmq::socket_type::pub);
      |                           [01;31m[K^~~[m[K
[01m[K/home/zq/colcon_ws/src/arm_vrpn-main/src/arm_mocap_pubsub.cpp:99:50:[m[K [01;31m[Kerror: [m[Kâ€˜[01m[Kzmq::socket_type::pub[m[Kâ€™ is not a type
   99 |     zmq::socket_t zmq_pub(ctx, zmq::socket_type::[01;31m[Kpub[m[K);
      |                                                  [01;31m[K^~~[m[K
[01m[K/home/zq/colcon_ws/src/arm_vrpn-main/src/arm_mocap_pubsub.cpp:[m[K In constructor â€˜[01m[KMocapzmq_pub::Mocapzmq_pub()[m[Kâ€™:
[01m[K/home/zq/colcon_ws/src/arm_vrpn-main/src/arm_mocap_pubsub.cpp:42:7:[m[K [01;31m[Kerror: [m[Kinvalid use of member function â€˜[01m[Kzmq::socket_t Mocapzmq_pub::zmq_pub(int, int)[m[Kâ€™ (did you forget the â€˜[01m[K()[m[Kâ€™ ?)
   42 |       [01;31m[Kzmq_pub[m[K.bind("tcp://127.0.0.1:3885");
      |       [01;31m[K^~~~~~~[m[K
[01m[K/home/zq/colcon_ws/src/arm_vrpn-main/src/arm_mocap_pubsub.cpp:[m[K In member function â€˜[01m[Kvoid Mocapzmq_pub::topic_callback1(geometry_msgs::msg::PoseStamped_<std::allocator<void> >::SharedPtr)[m[Kâ€™:
[01m[K/home/zq/colcon_ws/src/arm_vrpn-main/src/arm_mocap_pubsub.cpp:59:7:[m[K [01;31m[Kerror: [m[Kinvalid use of member function â€˜[01m[Kzmq::socket_t Mocapzmq_pub::zmq_pub(int, int)[m[Kâ€™ (did you forget the â€˜[01m[K()[m[Kâ€™ ?)
   59 |       [01;31m[Kzmq_pub[m[K.send(zmq::str_buffer("Hello"));
      |       [01;31m[K^~~~~~~[m[K
make[2]: *** [CMakeFiles/arm_mocap_pubsub.dir/build.make:63: CMakeFiles/arm_mocap_pubsub.dir/src/arm_mocap_pubsub.cpp.o] Error 1
make[1]: *** [CMakeFiles/Makefile2:78: CMakeFiles/arm_mocap_pubsub.dir/all] Error 2
make: *** [Makefile:141: all] Error 2
