[0.024s] Invoking command in '/home/zq/colcon_ws/build/arm_vrpn_pubsub': CMAKE_PREFIX_PATH=${CMAKE_PREFIX_PATH}:/opt/ros/foxy /usr/bin/cmake --build /home/zq/colcon_ws/build/arm_vrpn_pubsub -- -j4 -l4
[0.060s] -- Found ament_cmake: 0.9.11 (/opt/ros/foxy/share/ament_cmake/cmake)
[0.093s] -- Using PYTHON_EXECUTABLE: /usr/bin/python3
[0.324s] -- Found std_msgs: 2.0.5 (/opt/ros/foxy/share/std_msgs/cmake)
[0.352s] -- Using all available rosidl_typesupport_c: rosidl_typesupport_fastrtps_c;rosidl_typesupport_introspection_c
[0.357s] -- Found rosidl_adapter: 1.3.0 (/opt/ros/foxy/share/rosidl_adapter/cmake)
[0.521s] -- Using all available rosidl_typesupport_cpp: rosidl_typesupport_fastrtps_cpp;rosidl_typesupport_introspection_cpp
[0.581s] -- Found geometry_msgs: 2.0.5 (/opt/ros/foxy/share/geometry_msgs/cmake)
[0.626s] -- Found tf2: 0.13.13 (/opt/ros/foxy/share/tf2/cmake)
[0.641s] -- Found tf2_ros: 0.13.13 (/opt/ros/foxy/share/tf2_ros/cmake)
[0.720s] -- Found rmw_implementation_cmake: 1.0.3 (/opt/ros/foxy/share/rmw_implementation_cmake/cmake)
[0.721s] -- Using RMW implementation 'rmw_fastrtps_cpp' as default
[1.397s] -- Configuring done
[1.413s] -- Generating done
[1.417s] -- Build files have been written to: /home/zq/colcon_ws/build/arm_vrpn_pubsub
[1.475s] [ 50%] [32mBuilding CXX object CMakeFiles/arm_mocap_pubsub.dir/src/arm_mocap_pubsub.cpp.o[0m
[3.131s] [01m[K/home/zq/colcon_ws/src/arm_vrpn-main/src/arm_mocap_pubsub.cpp:31:5:[m[K [01;31m[Kerror: [m[Kâ€˜[01m[Kpublisher[m[Kâ€™ does not name a type
[3.131s]    31 |     [01;31m[Kpublisher[m[K.bind("tcp://127.0.0.1:3885");
[3.132s]       |     [01;31m[K^~~~~~~~~[m[K
[3.132s] [01m[K/home/zq/colcon_ws/src/arm_vrpn-main/src/arm_mocap_pubsub.cpp:32:5:[m[K [01;31m[Kerror: [m[Kâ€˜[01m[Kpublisher[m[Kâ€™ does not name a type
[3.132s]    32 |     [01;31m[Kpublisher[m[K.send(zmq::str_buffer("Hello"));
[3.132s]       |     [01;31m[K^~~~~~~~~[m[K
[4.944s] make[2]: *** [CMakeFiles/arm_mocap_pubsub.dir/build.make:63: CMakeFiles/arm_mocap_pubsub.dir/src/arm_mocap_pubsub.cpp.o] Error 1
[4.945s] make[1]: *** [CMakeFiles/Makefile2:78: CMakeFiles/arm_mocap_pubsub.dir/all] Error 2
[4.945s] make: *** [Makefile:141: all] Error 2
[4.948s] Invoked command in '/home/zq/colcon_ws/build/arm_vrpn_pubsub' returned '2': CMAKE_PREFIX_PATH=${CMAKE_PREFIX_PATH}:/opt/ros/foxy /usr/bin/cmake --build /home/zq/colcon_ws/build/arm_vrpn_pubsub -- -j4 -l4
